  vboost.cpp
c:\users\zgorlock\docs\school\semester 07 (fall 16)\robot vision\assignments\assignment 2\assignment 2\adaboost\vboost\vboost\vboost.cpp(626): warning C4244: 'argument' : conversion from 'double' to 'float', possible loss of data
c:\users\zgorlock\docs\school\semester 07 (fall 16)\robot vision\assignments\assignment 2\assignment 2\adaboost\vboost\vboost\vboost.cpp(475): warning C4101: 'dummy' : unreferenced local variable
c:\users\zgorlock\docs\school\semester 07 (fall 16)\robot vision\assignments\assignment 2\assignment 2\adaboost\vboost\vboost\vboost.cpp(519): warning C4101: 'mean' : unreferenced local variable
c:\users\zgorlock\docs\school\semester 07 (fall 16)\robot vision\assignments\assignment 2\assignment 2\adaboost\vboost\vboost\vboost.cpp(519): warning C4101: 'sigma' : unreferenced local variable
c:\users\zgorlock\docs\school\semester 07 (fall 16)\robot vision\assignments\assignment 2\assignment 2\adaboost\vboost\vboost\vboost.cpp(558): warning C4101: 'mean' : unreferenced local variable
c:\users\zgorlock\docs\school\semester 07 (fall 16)\robot vision\assignments\assignment 2\assignment 2\adaboost\vboost\vboost\vboost.cpp(558): warning C4101: 'sigma' : unreferenced local variable
c:\users\zgorlock\docs\school\semester 07 (fall 16)\robot vision\assignments\assignment 2\assignment 2\adaboost\vboost\vboost\vboost.cpp(1466): warning C4244: 'argument' : conversion from 'double' to 'float', possible loss of data
c:\users\zgorlock\docs\school\semester 07 (fall 16)\robot vision\assignments\assignment 2\assignment 2\adaboost\vboost\vboost\vboost.cpp(1468): warning C4244: 'argument' : conversion from 'double' to 'float', possible loss of data
c:\users\zgorlock\docs\school\semester 07 (fall 16)\robot vision\assignments\assignment 2\assignment 2\adaboost\vboost\vboost\vboost.cpp(2331): warning C4244: 'argument' : conversion from 'double' to 'float', possible loss of data
c:\users\zgorlock\docs\school\semester 07 (fall 16)\robot vision\assignments\assignment 2\assignment 2\adaboost\vboost\vboost\vboost.cpp(2335): warning C4244: 'argument' : conversion from 'int' to 'float', possible loss of data
c:\users\zgorlock\docs\school\semester 07 (fall 16)\robot vision\assignments\assignment 2\assignment 2\adaboost\vboost\vboost\vboost.cpp(2336): warning C4244: 'argument' : conversion from 'int' to 'float', possible loss of data
c:\users\zgorlock\docs\school\semester 07 (fall 16)\robot vision\assignments\assignment 2\assignment 2\adaboost\vboost\vboost\vboost.cpp(2337): warning C4244: 'argument' : conversion from 'int' to 'float', possible loss of data
c:\users\zgorlock\docs\school\semester 07 (fall 16)\robot vision\assignments\assignment 2\assignment 2\adaboost\vboost\vboost\vboost.cpp(2338): warning C4244: 'argument' : conversion from 'int' to 'float', possible loss of data
c:\users\zgorlock\docs\school\semester 07 (fall 16)\robot vision\assignments\assignment 2\assignment 2\adaboost\vboost\vboost\vboost.cpp(2338): warning C4244: 'initializing' : conversion from 'float' to 'int', possible loss of data
c:\users\zgorlock\docs\school\semester 07 (fall 16)\robot vision\assignments\assignment 2\assignment 2\adaboost\vboost\vboost\vboost.cpp(2344): warning C4244: 'argument' : conversion from 'double' to 'float', possible loss of data
c:\users\zgorlock\docs\school\semester 07 (fall 16)\robot vision\assignments\assignment 2\assignment 2\adaboost\vboost\vboost\vboost.cpp(2351): warning C4244: 'argument' : conversion from 'double' to 'float', possible loss of data
c:\users\zgorlock\docs\school\semester 07 (fall 16)\robot vision\assignments\assignment 2\assignment 2\adaboost\vboost\vboost\vboost.cpp(2450): warning C4244: 'argument' : conversion from 'double' to 'float', possible loss of data
c:\users\zgorlock\docs\school\semester 07 (fall 16)\robot vision\assignments\assignment 2\assignment 2\adaboost\vboost\vboost\vboost.cpp(2511): warning C4244: 'argument' : conversion from 'int' to 'float', possible loss of data
c:\users\zgorlock\docs\school\semester 07 (fall 16)\robot vision\assignments\assignment 2\assignment 2\adaboost\vboost\vboost\vboost.cpp(2511): warning C4244: 'initializing' : conversion from 'float' to 'int', possible loss of data
c:\users\zgorlock\docs\school\semester 07 (fall 16)\robot vision\assignments\assignment 2\assignment 2\adaboost\vboost\vboost\vboost.cpp(2597): warning C4244: 'argument' : conversion from 'double' to 'float', possible loss of data
  vboost.vcxproj -> C:\Users\ZGorlock\Docs\School\Semester 07 (Fall 16)\Robot Vision\Assignments\Assignment 2\Assignment 2\AdaBoost\vboost\Debug\vboost.exe
